<?xml version="1.0" encoding="UTF-8"?>
<!-- Generated by org.testng.reporters.JUnitReportReporter -->
<testsuite hostname="DESKTOP-OC4VA90" name="com.mytests.ClientProjectsTest1" tests="2" failures="0" timestamp="10 Jul 2020 17:07:57 GMT" time="158.875" errors="0">
  <testcase name="Test1_Openpreview" time="87.116" classname="com.mytests.ClientProjectsTest1"/>
  <testcase name="Test2_Openpreview" time="71.759" classname="com.mytests.ClientProjectsTest1"/>
</testsuite> <!-- com.mytests.ClientProjectsTest1 -->
