<?xml version="1.0" encoding="UTF-8"?>
<!-- Generated by org.testng.reporters.JUnitReportReporter -->
<testsuite hostname="DESKTOP-OC4VA90" name="com.mytests.NotepadTest" tests="1" failures="0" timestamp="7 Jun 2020 06:22:26 GMT" time="2.188" errors="0">
  <testcase name="checkHelpAboutNowTest" time="2.188" classname="com.mytests.NotepadTest"/>
</testsuite> <!-- com.mytests.NotepadTest -->
