<?xml version="1.0" encoding="UTF-8"?>
<!-- Generated by org.testng.reporters.JUnitReportReporter -->
<testsuite hostname="DESKTOP-OC4VA90" name="com.mytests.Direct1" tests="1" failures="0" timestamp="19 Jul 2020 12:03:50 GMT" time="98.460" errors="0">
  <testcase name="Test2_Recordfor2min" time="98.460" classname="com.mytests.Direct1"/>
</testsuite> <!-- com.mytests.Direct1 -->
