<?xml version="1.0" encoding="UTF-8"?>
<!-- Generated by org.testng.reporters.JUnitReportReporter -->
<testsuite hostname="DESKTOP-OC4VA90" name="com.mytests.NotepadTesting" tests="1" failures="0" timestamp="18 Jun 2020 09:34:50 GMT" time="1.748" errors="0">
  <testcase name="openNotepadApp" time="1.748" classname="com.mytests.NotepadTesting"/>
</testsuite> <!-- com.mytests.NotepadTesting -->
