<?xml version="1.0" encoding="UTF-8"?>
<!-- Generated by org.testng.reporters.JUnitReportReporter -->
<testsuite skipped="0" hostname="DESKTOP-OC4VA90" name="com.mytests.NotepadTest" tests="1" failures="0" timestamp="07 Jun 2020 05:11:50 GMT" time="0.006" errors="0">
  <testcase name="checkHelpAboutNowTest" time="0.006" classname="com.mytests.NotepadTest"/>
</testsuite> <!-- com.mytests.NotepadTest -->
